mktextfm ptmr7t
mktextfm ptmr7t
mktextfm ptmb7t
mktextfm nullfont
mktextfm ptmr7t
mktextfm ptmb7t
mktextfm nullfont
mktextfm ptmr7t
mktextfm ptmb7t
mktextfm nullfont
mktextfm ptmri7t
mktextfm ptmb7t
mktextfm nullfont
mktextfm ptmr7t
mktextfm pcrb7t
mktextfm nullfont
mktextfm pcrr7t
mktextfm ptmb7t
mktextfm nullfont
mktextfm ptmrc7t
mktextfm ptmr7t
mktextfm ptmro7t
mktextfm ptmrc7t
mktextfm ptmr7t
mktextfm ptmr7t
mktextfm ptmb7t
mktextfm nullfont
mktextfm ptmr7t
mktextfm ptmb7t
mktextfm nullfont
mktextfm ptmr7t
mktextfm ptmb7t
mktextfm nullfont
mktextfm ptmri7t
mktextfm ptmb7t
mktextfm nullfont
mktextfm ptmr7t
mktextfm pcrb7t
mktextfm nullfont
mktextfm pcrr7t
mktextfm ptmb7t
mktextfm nullfont
mktextfm ptmrc7t
mktextfm ptmr7t
mktextfm ptmro7t
mktextfm ptmrc7t
mktextfm ptmr7t
mktextfm ptmr7t
mktextfm ptmb7t
mktextfm nullfont
mktextfm ptmr7t
mktextfm ptmb7t
mktextfm nullfont
mktextfm ptmr7t
mktextfm ptmb7t
mktextfm nullfont
mktextfm ptmri7t
mktextfm ptmb7t
mktextfm nullfont
mktextfm ptmr7t
mktextfm pcrb7t
mktextfm nullfont
mktextfm pcrr7t
mktextfm ptmb7t
mktextfm nullfont
mktextfm ptmrc7t
mktextfm ptmr7t
mktextfm ptmro7t
mktextfm ptmrc7t
mktextfm ptmr7t
mktextfm ptmr7t
mktextfm ptmb7t
mktextfm nullfont
mktextfm ptmr7t
mktextfm ptmb7t
mktextfm nullfont
mktextfm ptmr7t
mktextfm ptmb7t
mktextfm nullfont
mktextfm ptmri7t
mktextfm ptmb7t
mktextfm nullfont
mktextfm ptmr7t
mktextfm pcrb7t
mktextfm nullfont
mktextfm pcrr7t
mktextfm ptmb7t
mktextfm nullfont
mktextfm ptmrc7t
mktextfm ptmr7t
mktextfm ptmro7t
mktextfm ptmrc7t
